[32m[I 2021-05-24 19:04:35,380][0m Trial 28 finished with value: 0.9264974448083081 and parameters: {'x': 8, 'z': 9}. Best is trial 5 with value: 0.9264974448083081.[0m

/data4/inqlee0704/data/VIDA_20200210-11_PM_WiM/177
0.8820336919789759
/data4/inqlee0704/data/VIDA_20200210-11_PM_WiM/179
0.9264192636837242
/data4/inqlee0704/data/VIDA_20200210-11_PM_WiM/181
0.939830779054917
[9, 7, 7]
/data4/inqlee0704/data/VIDA_20200302-06_PM_WiM/282
0.9294183942536087
/data4/inqlee0704/data/VIDA_20200302-06_PM_WiM/284
0.9430745958211213
/data4/inqlee0704/data/VIDA_20200302-06_PM_WiM/288
0.9061539386326561
/data4/inqlee0704/data/VIDA_20200309-13_PM_WiM/296
0.9643898504870029
/data4/inqlee0704/data/VIDA_20200309-13_PM_WiM/300
0.9520592558155302
/data4/inqlee0704/data/VIDA_20200309-13_PM_WiM/302
0.8996530781717017
/data4/inqlee0704/data/VIDA_20200309-13_PM_WiM/310
0.9183231059409912
/data4/inqlee0704/data/VIDA_20200309-13_PM_WiM/312
0.9387474774257222
/data4/inqlee0704/data/VIDA_20200316-20_PM_WiM/322
0.9401679012885925
/data4/inqlee0704/data/VIDA_20200810-14_PM_WiM/808
0.9501191979071997
/data4/inqlee0704/data/VIDA_20191028-29_PM_WiM/621
0.9184198326479314
/data4/inqlee0704/data/VIDA_20191101-01_PM_WiM/629
0.8853777037290405
/data4/inqlee0704/data/VIDA_20200204-07_PM_WiM/161
0.9297710500942141
/data4/inqlee0704/data/VIDA_20200210-11_PM_WiM/177
0.8820336919789759
/data4/inqlee0704/data/VIDA_20200210-11_PM_WiM/179
0.9264192636837242
/data4/inqlee0704/data/VIDA_20200210-11_PM_WiM/181
0.939830779054917
[3, 3, 3]
/data4/inqlee0704/data/VIDA_20200302-06_PM_WiM/282
0.9225654840373704
/data4/inqlee0704/data/VIDA_20200302-06_PM_WiM/284
0.9430745958211213
/data4/inqlee0704/data/VIDA_20200302-06_PM_WiM/288
0.9061539386326561
/data4/inqlee0704/data/VIDA_20200309-13_PM_WiM/296
0.9643898504870029
/data4/inqlee0704/data/VIDA_20200309-13_PM_WiM/300
0.9520592558155302
/data4/inqlee0704/data/VIDA_20200309-13_PM_WiM/302
0.8996530781717017
/data4/inqlee0704/data/VIDA_20200309-13_PM_WiM/310
0.9183231059409912
/data4/inqlee0704/data/VIDA_20200309-13_PM_WiM/312
0.9379271521107638
/data4/inqlee0704/data/VIDA_20200316-20_PM_WiM/322
0.9401679012885925
/data4/inqlee0704/data/VIDA_20200810-14_PM_WiM/808
0.9501191979071997
/data4/inqlee0704/data/VIDA_20191028-29_PM_WiM/621
0.9184198326479314
/data4/inqlee0704/data/VIDA_20191101-01_PM_WiM/629
0.8853777037290405
/data4/inqlee0704/data/VIDA_20200204-07_PM_WiM/161
0.9297710500942141
/data4/inqlee0704/data/VIDA_20200210-11_PM_WiM/177
0.879124198760813
/data4/inqlee0704/data/VIDA_20200210-11_PM_WiM/179
0.9264192636837242
/data4/inqlee0704/data/VIDA_20200210-11_PM_WiM/181
0.939830779054917
[3, 12, 12]
/data4/inqlee0704/data/VIDA_20200302-06_PM_WiM/282
0.9294183942536087
/data4/inqlee0704/data/VIDA_20200302-06_PM_WiM/284
0.9430745958211213
/data4/inqlee0704/data/VIDA_20200302-06_PM_WiM/288
0.0
[9, 6, 6]
/data4/inqlee0704/data/VIDA_20200302-06_PM_WiM/282
0.9294183942536087
/data4/inqlee0704/data/VIDA_20200302-06_PM_WiM/284
0.9430745958211213
/data4/inqlee0704/data/VIDA_20200302-06_PM_WiM/288
0.9061539386326561
/data4/inqlee0704/data/VIDA_20200309-13_PM_WiM/296
0.9643898504870029
/data4/inqlee0704/data/VIDA_20200309-13_PM_WiM/300
0.9520592558155302
/data4/inqlee0704/data/VIDA_20200309-13_PM_WiM/302
0.8996530781717017
/data4/inqlee0704/data/VIDA_20200309-13_PM_WiM/310
0.9183231059409912
/data4/inqlee0704/data/VIDA_20200309-13_PM_WiM/312
0.9387474774257222
/data4/inqlee0704/data/VIDA_20200316-20_PM_WiM/322
0.9401679012885925
/data4/inqlee0704/data/VIDA_20200810-14_PM_WiM/808
0.9501191979071997
/data4/inqlee0704/data/VIDA_20191028-29_PM_WiM/621
0.9184198326479314
/data4/inqlee0704/data/VIDA_20191101-01_PM_WiM/629
0.8853777037290405
/data4/inqlee0704/data/VIDA_20200204-07_PM_WiM/161
0.9297710500942141
/data4/inqlee0704/data/VIDA_20200210-11_PM_WiM/177
0.8820336919789759
/data4/inqlee0704/data/VIDA_20200210-11_PM_WiM/179
0.9264192636837242
/data4/inqlee0704/data/VIDA_20200210-11_PM_WiM/181
0.939830779054917
[11, 6, 6]
/data4/inqlee0704/data/VIDA_20200302-06_PM_WiM/282
0.9294183942536087
/data4/inqlee0704/data/VIDA_20200302-06_PM_WiM/284
0.9430745958211213
/data4/inqlee0704/data/VIDA_20200302-06_PM_WiM/288
0.9061539386326561
/data4/inqlee0704/data/VIDA_20200309-13_PM_WiM/296
0.9643898504870029
/data4/inqlee0704/data/VIDA_20200309-13_PM_WiM/300
0.9520592558155302
/data4/inqlee0704/data/VIDA_20200309-13_PM_WiM/302
0.8996530781717017
/data4/inqlee0704/data/VIDA_20200309-13_PM_WiM/310
0.9183231059409912
/data4/inqlee0704/data/VIDA_20200309-13_PM_WiM/312
0.9387474774257222
/data4/inqlee0704/data/VIDA_20200316-20_PM_WiM/322
0.9401679012885925
/data4/inqlee0704/data/VIDA_20200810-14_PM_WiM/808
0.9501191979071997
/data4/inqlee0704/data/VIDA_20191028-29_PM_WiM/621
0.9184198326479314
/data4/inqlee0704/data/VIDA_20191101-01_PM_WiM/629
0.8853777037290405
/data4/inqlee0704/data/VIDA_20200204-07_PM_WiM/161
0.9297710500942141
/data4/inqlee0704/data/VIDA_20200210-11_PM_WiM/177
0.8820336919789759
/data4/inqlee0704/data/VIDA_20200210-11_PM_WiM/179
0.9264192636837242
/data4/inqlee0704/data/VIDA_20200210-11_PM_WiM/181
0.939830779054917
[13, 3, 3]
/data4/inqlee0704/data/VIDA_20200302-06_PM_WiM/282
0.9087405003405813
/data4/inqlee0704/data/VIDA_20200302-06_PM_WiM/284
0.9430745958211213
/data4/inqlee0704/data/VIDA_20200302-06_PM_WiM/288
0.9061539386326561
/data4/inqlee0704/data/VIDA_20200309-13_PM_WiM/296
0.9643898504870029
/data4/inqlee0704/data/VIDA_20200309-13_PM_WiM/300
0.9520592558155302
/data4/inqlee0704/data/VIDA_20200309-13_PM_WiM/302
0.8996530781717017
/data4/inqlee0704/data/VIDA_20200309-13_PM_WiM/310
0.9183231059409912
/data4/inqlee0704/data/VIDA_20200309-13_PM_WiM/312
0.9387474774257222
/data4/inqlee0704/data/VIDA_20200316-20_PM_WiM/322
0.9401679012885925
/data4/inqlee0704/data/VIDA_20200810-14_PM_WiM/808
0.9501191979071997
/data4/inqlee0704/data/VIDA_20191028-29_PM_WiM/621
0.9184198326479314
/data4/inqlee0704/data/VIDA_20191101-01_PM_WiM/629
0.8853777037290405
/data4/inqlee0704/data/VIDA_20200204-07_PM_WiM/161
0.9297710500942141
/data4/inqlee0704/data/VIDA_20200210-11_PM_WiM/177
0.8820336919789759
/data4/inqlee0704/data/VIDA_20200210-11_PM_WiM/179
0.9264192636837242
/data4/inqlee0704/data/VIDA_20200210-11_PM_WiM/181
0.939830779054917
[9, 8, 8]
/data4/inqlee0704/data/VIDA_20200302-06_PM_WiM/282
0.9294183942536087
/data4/inqlee0704/data/VIDA_20200302-06_PM_WiM/284
0.9430745958211213
/data4/inqlee0704/data/VIDA_20200302-06_PM_WiM/288
0.9061539386326561
/data4/inqlee0704/data/VIDA_20200309-13_PM_WiM/296
0.9643898504870029
/data4/inqlee0704/data/VIDA_20200309-13_PM_WiM/300
0.9520592558155302
/data4/inqlee0704/data/VIDA_20200309-13_PM_WiM/302
0.8996530781717017
/data4/inqlee0704/data/VIDA_20200309-13_PM_WiM/310
0.9183231059409912
/data4/inqlee0704/data/VIDA_20200309-13_PM_WiM/312
0.9387474774257222
/data4/inqlee0704/data/VIDA_20200316-20_PM_WiM/322
0.9401679012885925
/data4/inqlee0704/data/VIDA_20200810-14_PM_WiM/808
0.9501191979071997
/data4/inqlee0704/data/VIDA_20191028-29_PM_WiM/621
0.9184198326479314
/data4/inqlee0704/data/VIDA_20191101-01_PM_WiM/629
0.8853777037290405
/data4/inqlee0704/data/VIDA_20200204-07_PM_WiM/161
0.9297710500942141
/data4/inqlee0704/data/VIDA_20200210-11_PM_WiM/177
0.8820336919789759
/data4/inqlee0704/data/VIDA_20200210-11_PM_WiM/179
0.9264192636837242
/data4/inqlee0704/data/VIDA_20200210-11_PM_WiM/181
0.939830779054917
[6, 8, 8]
/data4/inqlee0704/data/VIDA_20200302-06_PM_WiM/282
0.9294183942536087
/data4/inqlee0704/data/VIDA_20200302-06_PM_WiM/284
0.9430745958211213
/data4/inqlee0704/data/VIDA_20200302-06_PM_WiM/288
0.9061539386326561
/data4/inqlee0704/data/VIDA_20200309-13_PM_WiM/296
0.9643898504870029
/data4/inqlee0704/data/VIDA_20200309-13_PM_WiM/300
0.9520592558155302
/data4/inqlee0704/data/VIDA_20200309-13_PM_WiM/302
0.8996530781717017
/data4/inqlee0704/data/VIDA_20200309-13_PM_WiM/310
0.9183231059409912
/data4/inqlee0704/data/VIDA_20200309-13_PM_WiM/312
0.9387474774257222
/data4/inqlee0704/data/VIDA_20200316-20_PM_WiM/322
0.9401679012885925
/data4/inqlee0704/data/VIDA_20200810-14_PM_WiM/808
0.9501191979071997
/data4/inqlee0704/data/VIDA_20191028-29_PM_WiM/621
0.9184198326479314
/data4/inqlee0704/data/VIDA_20191101-01_PM_WiM/629
0.8853777037290405
/data4/inqlee0704/data/VIDA_20200204-07_PM_WiM/161
0.9297710500942141
/data4/inqlee0704/data/VIDA_20200210-11_PM_WiM/177
0.8820336919789759
/data4/inqlee0704/data/VIDA_20200210-11_PM_WiM/179[32m[I 2021-05-24 19:11:34,703][0m Trial 29 finished with value: 0.9264974448083081 and parameters: {'x': 8, 'z': 6}. Best is trial 5 with value: 0.9264974448083081.[0m

0.9264192636837242
/data4/inqlee0704/data/VIDA_20200210-11_PM_WiM/181
0.939830779054917
x: 9
z: 1
Elapsed time: 9328.015438079834
