nohup: ignoring input
[32m[I 2021-05-24 16:36:06,688][0m A new study created in memory with name: no-name-574f31fa-800d-43b3-b65d-21ccd3d1c750[0m
[32m[I 2021-05-24 16:36:45,873][0m Trial 0 finished with value: 0.0 and parameters: {'x': 16, 'z': 9}. Best is trial 0 with value: 0.0.[0m
[32m[I 2021-05-24 16:38:28,871][0m Trial 1 finished with value: 0.0 and parameters: {'x': 14, 'z': 4}. Best is trial 0 with value: 0.0.[0m
[32m[I 2021-05-24 16:45:38,966][0m Trial 2 finished with value: 0.9071771905210281 and parameters: {'x': 5, 'z': 15}. Best is trial 2 with value: 0.9071771905210281.[0m
[32m[I 2021-05-24 16:46:15,761][0m Trial 3 finished with value: 0.0 and parameters: {'x': 16, 'z': 1}. Best is trial 2 with value: 0.9071771905210281.[0m
[32m[I 2021-05-24 16:53:06,647][0m Trial 4 finished with value: 0.9248979105728182 and parameters: {'x': 4, 'z': 7}. Best is trial 4 with value: 0.9248979105728182.[0m
[32m[I 2021-05-24 17:00:07,191][0m Trial 5 finished with value: 0.9264974448083081 and parameters: {'x': 9, 'z': 1}. Best is trial 5 with value: 0.9264974448083081.[0m
[32m[I 2021-05-24 17:07:27,965][0m Trial 6 finished with value: 0.9264974448083081 and parameters: {'x': 10, 'z': 7}. Best is trial 5 with value: 0.9264974448083081.[0m
[32m[I 2021-05-24 17:08:08,322][0m Trial 7 finished with value: 0.0 and parameters: {'x': 15, 'z': 14}. Best is trial 5 with value: 0.9264974448083081.[0m
[32m[I 2021-05-24 17:15:33,573][0m Trial 8 finished with value: 0.0 and parameters: {'x': 8, 'z': 12}. Best is trial 5 with value: 0.9264974448083081.[0m
[32m[I 2021-05-24 17:16:12,032][0m Trial 9 finished with value: 0.0 and parameters: {'x': 14, 'z': 11}. Best is trial 5 with value: 0.9264974448083081.[0m
[32m[I 2021-05-24 17:23:00,435][0m Trial 10 finished with value: 0.9071771905210281 and parameters: {'x': 1, 'z': 19}. Best is trial 5 with value: 0.9264974448083081.[0m
[9, 16, 16]
/data4/inqlee0704/data/VIDA_20200302-06_PM_WiM/282
0.0
[4, 14, 14]
/data4/inqlee0704/data/VIDA_20200302-06_PM_WiM/282
0.9294183942536087
/data4/inqlee0704/data/VIDA_20200302-06_PM_WiM/284
0.9430745958211213
/data4/inqlee0704/data/VIDA_20200302-06_PM_WiM/288
0.0
[15, 5, 5]
/data4/inqlee0704/data/VIDA_20200302-06_PM_WiM/282
0.9294183942536087
/data4/inqlee0704/data/VIDA_20200302-06_PM_WiM/284
0.9430745958211213
/data4/inqlee0704/data/VIDA_20200302-06_PM_WiM/288
0.9061539386326561
/data4/inqlee0704/data/VIDA_20200309-13_PM_WiM/296
0.9643898504870029
/data4/inqlee0704/data/VIDA_20200309-13_PM_WiM/300
0.9520592558155302
/data4/inqlee0704/data/VIDA_20200309-13_PM_WiM/302
0.5905290095752211
/data4/inqlee0704/data/VIDA_20200309-13_PM_WiM/310
0.9183231059409912
/data4/inqlee0704/data/VIDA_20200309-13_PM_WiM/312
0.9387474774257222
/data4/inqlee0704/data/VIDA_20200316-20_PM_WiM/322
0.9401679012885925
/data4/inqlee0704/data/VIDA_20200810-14_PM_WiM/808
0.9501191979071997
/data4/inqlee0704/data/VIDA_20191028-29_PM_WiM/621
0.9184198326479314
/data4/inqlee0704/data/VIDA_20191101-01_PM_WiM/629
0.8853777037290405
/data4/inqlee0704/data/VIDA_20200204-07_PM_WiM/161
0.9297710500942141
/data4/inqlee0704/data/VIDA_20200210-11_PM_WiM/177
0.8820336919789759
/data4/inqlee0704/data/VIDA_20200210-11_PM_WiM/179
0.9264192636837242
/data4/inqlee0704/data/VIDA_20200210-11_PM_WiM/181
0.939830779054917
[1, 16, 16]
/data4/inqlee0704/data/VIDA_20200302-06_PM_WiM/282
0.0
[7, 4, 4]
/data4/inqlee0704/data/VIDA_20200302-06_PM_WiM/282
0.9087405003405813
/data4/inqlee0704/data/VIDA_20200302-06_PM_WiM/284
0.9430745958211213
/data4/inqlee0704/data/VIDA_20200302-06_PM_WiM/288
0.9061539386326561
/data4/inqlee0704/data/VIDA_20200309-13_PM_WiM/296
0.9643898504870029
/data4/inqlee0704/data/VIDA_20200309-13_PM_WiM/300
0.9520592558155302
/data4/inqlee0704/data/VIDA_20200309-13_PM_WiM/302
0.8996530781717017
/data4/inqlee0704/data/VIDA_20200309-13_PM_WiM/310
0.9183231059409912
/data4/inqlee0704/data/VIDA_20200309-13_PM_WiM/312
0.9387474774257222
/data4/inqlee0704/data/VIDA_20200316-20_PM_WiM/322
0.9401679012885925
/data4/inqlee0704/data/VIDA_20200810-14_PM_WiM/808
0.9501191979071997
/data4/inqlee0704/data/VIDA_20191028-29_PM_WiM/621
0.9184198326479314
/data4/inqlee0704/data/VIDA_20191101-01_PM_WiM/629
0.8853777037290405
/data4/inqlee0704/data/VIDA_20200204-07_PM_WiM/161
0.9297710500942141
/data4/inqlee0704/data/VIDA_20200210-11_PM_WiM/177
0.8771190381241656
/data4/inqlee0704/data/VIDA_20200210-11_PM_WiM/179
0.9264192636837242
/data4/inqlee0704/data/VIDA_20200210-11_PM_WiM/181
0.939830779054917
[1, 9, 9]
/data4/inqlee0704/data/VIDA_20200302-06_PM_WiM/282
0.9294183942536087
/data4/inqlee0704/data/VIDA_20200302-06_PM_WiM/284
0.9430745958211213
/data4/inqlee0704/data/VIDA_20200302-06_PM_WiM/288
0.9061539386326561
/data4/inqlee0704/data/VIDA_20200309-13_PM_WiM/296
0.9643898504870029
/data4/inqlee0704/data/VIDA_20200309-13_PM_WiM/300
0.9520592558155302
/data4/inqlee0704/data/VIDA_20200309-13_PM_WiM/302
0.8996530781717017
/data4/inqlee0704/data/VIDA_20200309-13_PM_WiM/310
0.9183231059409912
/data4/inqlee0704/data/VIDA_20200309-13_PM_WiM/312
0.9387474774257222
/data4/inqlee0704/data/VIDA_20200316-20_PM_WiM/322
0.9401679012885925
/data4/inqlee0704/data/VIDA_20200810-14_PM_WiM/808
0.9501191979071997
/data4/inqlee0704/data/VIDA_20191028-29_PM_WiM/621
0.9184198326479314
/data4/inqlee0704/data/VIDA_20191101-01_PM_WiM/629
0.8853777037290405
/data4/inqlee0704/data/VIDA_20200204-07_PM_WiM/161
0.9297710500942141
/data4/inqlee0704/data/VIDA_20200210-11_PM_WiM/177
0.8820336919789759
/data4/inqlee0704/data/VIDA_20200210-11_PM_WiM/179
0.9264192636837242
/data4/inqlee0704/data/VIDA_20200210-11_PM_WiM/181
0.939830779054917
[7, 10, 10]
/data4/inqlee0704/data/VIDA_20200302-06_PM_WiM/282
0.9294183942536087
/data4/inqlee0704/data/VIDA_20200302-06_PM_WiM/284
0.9430745958211213
/data4/inqlee0704/data/VIDA_20200302-06_PM_WiM/288
0.9061539386326561
/data4/inqlee0704/data/VIDA_20200309-13_PM_WiM/296
0.9643898504870029
/data4/inqlee0704/data/VIDA_20200309-13_PM_WiM/300
0.9520592558155302
/data4/inqlee0704/data/VIDA_20200309-13_PM_WiM/302
0.8996530781717017
/data4/inqlee0704/data/VIDA_20200309-13_PM_WiM/310
0.9183231059409912
/data4/inqlee0704/data/VIDA_20200309-13_PM_WiM/312
0.9387474774257222
/data4/inqlee0704/data/VIDA_20200316-20_PM_WiM/322
0.9401679012885925
/data4/inqlee0704/data/VIDA_20200810-14_PM_WiM/808
0.9501191979071997
/data4/inqlee0704/data/VIDA_20191028-29_PM_WiM/621
0.9184198326479314
/data4/inqlee0704/data/VIDA_20191101-01_PM_WiM/629
0.8853777037290405
/data4/inqlee0704/data/VIDA_20200204-07_PM_WiM/161
0.9297710500942141
/data4/inqlee0704/data/VIDA_20200210-11_PM_WiM/177
0.8820336919789759
/data4/inqlee0704/data/VIDA_20200210-11_PM_WiM/179
0.9264192636837242
/data4/inqlee0704/data/VIDA_20200210-11_PM_WiM/181
0.939830779054917
[14, 15, 15]
/data4/inqlee0704/data/VIDA_20200302-06_PM_WiM/282
0.0
[12, 8, 8]
/data4/inqlee0704/data/VIDA_20200302-06_PM_WiM/282
0.9294183942536087
/data4/inqlee0704/data/VIDA_20200302-06_PM_WiM/284
0.9430745958211213
/data4/inqlee0704/data/VIDA_20200302-06_PM_WiM/288
0.9061539386326561
/data4/inqlee0704/data/VIDA_20200309-13_PM_WiM/296
0.9643898504870029
/data4/inqlee0704/data/VIDA_20200309-13_PM_WiM/300
0.9520592558155302
/data4/inqlee0704/data/VIDA_20200309-13_PM_WiM/302
0.8996530781717017
/data4/inqlee0704/data/VIDA_20200309-13_PM_WiM/310
0.9183231059409912
/data4/inqlee0704/data/VIDA_20200309-13_PM_WiM/312
0.9387474774257222
/data4/inqlee0704/data/VIDA_20200316-20_PM_WiM/322
0.9401679012885925
/data4/inqlee0704/data/VIDA_20200810-14_PM_WiM/808
0.9501191979071997
/data4/inqlee0704/data/VIDA_20191028-29_PM_WiM/621
0.9184198326479314
/data4/inqlee0704/data/VIDA_20191101-01_PM_WiM/629
0.8853777037290405
/data4/inqlee0704/data/VIDA_20200204-07_PM_WiM/161
0.9297710500942141
/data4/inqlee0704/data/VIDA_20200210-11_PM_WiM/177
0.8820336919789759
/data4/inqlee0704/data/VIDA_20200210-11_PM_WiM/179
0.9264192636837242
/data4/inqlee0704/data/VIDA_20200210-11_PM_WiM/181
0.0
[11, 14, 14]
/data4/inqlee0704/data/VIDA_20200302-06_PM_WiM/282
0.0
[19, 1, 1]
/data4/inqlee0704/data/VIDA_20200302-06_PM_WiM/282
0.9294183942536087
/data4/inqlee0704/data/VIDA_20200302-06_PM_WiM/284
0.9430745958211213
/data4/inqlee0704/data/VIDA_20200302-06_PM_WiM/288
0.9061539386326561
/data4/inqlee0704/data/VIDA_20200309-13_PM_WiM/296
0.9643898504870029
/data4/inqlee0704/data/VIDA_20200309-13_PM_WiM/300
0.9520592558155302
/data4/inqlee0704/data/VIDA_20200309-13_PM_WiM/302
0.5905290095752211
/data4/inqlee0704/data/VIDA_20200309-13_PM_WiM/310
0.9183231059409912
/data4/inqlee0704/data/VIDA_20200309-13_PM_WiM/312
0.9387474774257222
/data4/inqlee0704/data/VIDA_20200316-20_PM_WiM/322
0.9401679012885925
/data4/inqlee0704/data/VIDA_20200810-14_PM_WiM/808
0.9501191979071997
/data4/inqlee0704/data/VIDA_20191028-29_PM_WiM/621
0.9184198326479314
/data4/inqlee0704/data/VIDA_20191101-01_PM_WiM/629
0.8853777037290405
/data4/inqlee0704/data/VIDA_20200204-07_PM_WiM/161
0.9297710500942141
/data4/inqlee0704/data/VIDA_20200210-11_PM_WiM/177
0.8820336919789759
/data4/inqlee0704/data/VIDA_20200210-11_PM_WiM/179
0.9264192636837242
/data4/inqlee0704/data/VIDA_20200210-11_PM_WiM/181
0.939830779054917
[2, 10, 10]
/data4/inqlee0704/data/VIDA_20200302-06_PM_WiM/282
0.9294183942536087
/data4/inqlee0704/data/VIDA_20200302-06_PM_WiM/284
0.9430745958211213
/data4/inqlee0704/data/VIDA_20200302-06_PM_WiM/288
0.9061539386326561
/data4/inqlee0704/data/VIDA_20200309-13_PM_WiM/296
0.9643898504870029
/data4/inqlee0704/data/VIDA_20200309-13_PM_WiM/300
0.9520592558155302
/data4/inqlee0704/data/VIDA_20200309-13_PM_WiM/302
0.8996530781717017
/data4/inqlee0704/data/VIDA_20200309-13_PM_WiM/310
0.9183231059409912
/data4/inqlee0704/data/VIDA_20200309-13_PM_WiM/312
0.9387474774257222
/data4/inqlee0704/data/VIDA_20200316-20_PM_WiM/322
0.9401679012885925
/data4/inqlee0704/data/VIDA_20200810-14_PM_WiM/808
0.9501191979071997
/data4/inqlee0704/data/VIDA_20191028-29_PM_WiM/621
0.9184198326479314
/data4/inqlee0704/data/VIDA_20191101-01_PM_WiM/629
0.8853777037290405
/data4/inqlee0704/data/VIDA_20200204-07_PM_WiM/161
0.9297710500942141
/data4/inqlee0704/data/VIDA_20200210-11_PM_WiM/177[32m[I 2021-05-24 17:30:07,599][0m Trial 11 finished with value: 0.9264974448083081 and parameters: {'x': 10, 'z': 2}. Best is trial 5 with value: 0.9264974448083081.[0m
[32m[I 2021-05-24 17:37:23,251][0m Trial 12 finished with value: 0.9264974448083081 and parameters: {'x': 10, 'z': 5}. Best is trial 5 with value: 0.9264974448083081.[0m
[32m[I 2021-05-24 17:44:24,211][0m Trial 13 finished with value: 0.9264974448083081 and parameters: {'x': 7, 'z': 7}. Best is trial 5 with value: 0.9264974448083081.[0m
[32m[I 2021-05-24 17:45:03,761][0m Trial 14 finished with value: 0.0 and parameters: {'x': 20, 'z': 3}. Best is trial 5 with value: 0.9264974448083081.[0m
[32m[I 2021-05-24 17:46:40,179][0m Trial 15 finished with value: 0.0 and parameters: {'x': 12, 'z': 1}. Best is trial 5 with value: 0.9264974448083081.[0m
[32m[I 2021-05-24 17:53:34,185][0m Trial 16 finished with value: 0.9264974448083081 and parameters: {'x': 7, 'z': 6}. Best is trial 5 with value: 0.9264974448083081.[0m
[32m[I 2021-05-24 18:00:23,231][0m Trial 17 finished with value: 0.9252050764387438 and parameters: {'x': 5, 'z': 8}. Best is trial 5 with value: 0.9264974448083081.[0m
[32m[I 2021-05-24 18:01:03,024][0m Trial 18 finished with value: 0.0 and parameters: {'x': 12, 'z': 20}. Best is trial 5 with value: 0.9264974448083081.[0m
[32m[I 2021-05-24 18:07:38,107][0m Trial 19 finished with value: 0.9248979105728182 and parameters: {'x': 2, 'z': 5}. Best is trial 5 with value: 0.9264974448083081.[0m
[32m[I 2021-05-24 18:14:34,562][0m Trial 20 finished with value: 0.9264974448083081 and parameters: {'x': 8, 'z': 5}. Best is trial 5 with value: 0.9264974448083081.[0m

0.8820336919789759
/data4/inqlee0704/data/VIDA_20200210-11_PM_WiM/179
0.9264192636837242
/data4/inqlee0704/data/VIDA_20200210-11_PM_WiM/181
0.939830779054917
[5, 10, 10]
/data4/inqlee0704/data/VIDA_20200302-06_PM_WiM/282
0.9294183942536087
/data4/inqlee0704/data/VIDA_20200302-06_PM_WiM/284
0.9430745958211213
/data4/inqlee0704/data/VIDA_20200302-06_PM_WiM/288
0.9061539386326561
/data4/inqlee0704/data/VIDA_20200309-13_PM_WiM/296
0.9643898504870029
/data4/inqlee0704/data/VIDA_20200309-13_PM_WiM/300
0.9520592558155302
/data4/inqlee0704/data/VIDA_20200309-13_PM_WiM/302
0.8996530781717017
/data4/inqlee0704/data/VIDA_20200309-13_PM_WiM/310
0.9183231059409912
/data4/inqlee0704/data/VIDA_20200309-13_PM_WiM/312
0.9387474774257222
/data4/inqlee0704/data/VIDA_20200316-20_PM_WiM/322
0.9401679012885925
/data4/inqlee0704/data/VIDA_20200810-14_PM_WiM/808
0.9501191979071997
/data4/inqlee0704/data/VIDA_20191028-29_PM_WiM/621
0.9184198326479314
/data4/inqlee0704/data/VIDA_20191101-01_PM_WiM/629
0.8853777037290405
/data4/inqlee0704/data/VIDA_20200204-07_PM_WiM/161
0.9297710500942141
/data4/inqlee0704/data/VIDA_20200210-11_PM_WiM/177
0.8820336919789759
/data4/inqlee0704/data/VIDA_20200210-11_PM_WiM/179
0.9264192636837242
/data4/inqlee0704/data/VIDA_20200210-11_PM_WiM/181
0.939830779054917
[7, 7, 7]
/data4/inqlee0704/data/VIDA_20200302-06_PM_WiM/282
0.9294183942536087
/data4/inqlee0704/data/VIDA_20200302-06_PM_WiM/284
0.9430745958211213
/data4/inqlee0704/data/VIDA_20200302-06_PM_WiM/288
0.9061539386326561
/data4/inqlee0704/data/VIDA_20200309-13_PM_WiM/296
0.9643898504870029
/data4/inqlee0704/data/VIDA_20200309-13_PM_WiM/300
0.9520592558155302
/data4/inqlee0704/data/VIDA_20200309-13_PM_WiM/302
0.8996530781717017
/data4/inqlee0704/data/VIDA_20200309-13_PM_WiM/310
0.9183231059409912
/data4/inqlee0704/data/VIDA_20200309-13_PM_WiM/312
0.9387474774257222
/data4/inqlee0704/data/VIDA_20200316-20_PM_WiM/322
0.9401679012885925
/data4/inqlee0704/data/VIDA_20200810-14_PM_WiM/808
0.9501191979071997
/data4/inqlee0704/data/VIDA_20191028-29_PM_WiM/621
0.9184198326479314
/data4/inqlee0704/data/VIDA_20191101-01_PM_WiM/629
0.8853777037290405
/data4/inqlee0704/data/VIDA_20200204-07_PM_WiM/161
0.9297710500942141
/data4/inqlee0704/data/VIDA_20200210-11_PM_WiM/177
0.8820336919789759
/data4/inqlee0704/data/VIDA_20200210-11_PM_WiM/179
0.9264192636837242
/data4/inqlee0704/data/VIDA_20200210-11_PM_WiM/181
0.939830779054917
[3, 20, 20]
/data4/inqlee0704/data/VIDA_20200302-06_PM_WiM/282
0.0
[1, 12, 12]
/data4/inqlee0704/data/VIDA_20200302-06_PM_WiM/282
0.9294183942536087
/data4/inqlee0704/data/VIDA_20200302-06_PM_WiM/284
0.9430745958211213
/data4/inqlee0704/data/VIDA_20200302-06_PM_WiM/288
0.0
[6, 7, 7]
/data4/inqlee0704/data/VIDA_20200302-06_PM_WiM/282
0.9294183942536087
/data4/inqlee0704/data/VIDA_20200302-06_PM_WiM/284
0.9430745958211213
/data4/inqlee0704/data/VIDA_20200302-06_PM_WiM/288
0.9061539386326561
/data4/inqlee0704/data/VIDA_20200309-13_PM_WiM/296
0.9643898504870029
/data4/inqlee0704/data/VIDA_20200309-13_PM_WiM/300
0.9520592558155302
/data4/inqlee0704/data/VIDA_20200309-13_PM_WiM/302
0.8996530781717017
/data4/inqlee0704/data/VIDA_20200309-13_PM_WiM/310
0.9183231059409912
/data4/inqlee0704/data/VIDA_20200309-13_PM_WiM/312
0.9387474774257222
/data4/inqlee0704/data/VIDA_20200316-20_PM_WiM/322
0.9401679012885925
/data4/inqlee0704/data/VIDA_20200810-14_PM_WiM/808
0.9501191979071997
/data4/inqlee0704/data/VIDA_20191028-29_PM_WiM/621
0.9184198326479314
/data4/inqlee0704/data/VIDA_20191101-01_PM_WiM/629
0.8853777037290405
/data4/inqlee0704/data/VIDA_20200204-07_PM_WiM/161
0.9297710500942141
/data4/inqlee0704/data/VIDA_20200210-11_PM_WiM/177
0.8820336919789759
/data4/inqlee0704/data/VIDA_20200210-11_PM_WiM/179
0.9264192636837242
/data4/inqlee0704/data/VIDA_20200210-11_PM_WiM/181
0.939830779054917
[8, 5, 5]
/data4/inqlee0704/data/VIDA_20200302-06_PM_WiM/282
0.9087405003405813
/data4/inqlee0704/data/VIDA_20200302-06_PM_WiM/284
0.9430745958211213
/data4/inqlee0704/data/VIDA_20200302-06_PM_WiM/288
0.9061539386326561
/data4/inqlee0704/data/VIDA_20200309-13_PM_WiM/296
0.9643898504870029
/data4/inqlee0704/data/VIDA_20200309-13_PM_WiM/300
0.9520592558155302
/data4/inqlee0704/data/VIDA_20200309-13_PM_WiM/302
0.8996530781717017
/data4/inqlee0704/data/VIDA_20200309-13_PM_WiM/310
0.9183231059409912
/data4/inqlee0704/data/VIDA_20200309-13_PM_WiM/312
0.9387474774257222
/data4/inqlee0704/data/VIDA_20200316-20_PM_WiM/322
0.9401679012885925
/data4/inqlee0704/data/VIDA_20200810-14_PM_WiM/808
0.9501191979071997
/data4/inqlee0704/data/VIDA_20191028-29_PM_WiM/621
0.9184198326479314
/data4/inqlee0704/data/VIDA_20191101-01_PM_WiM/629
0.8853777037290405
/data4/inqlee0704/data/VIDA_20200204-07_PM_WiM/161
0.9297710500942141
/data4/inqlee0704/data/VIDA_20200210-11_PM_WiM/177
0.8820336919789759
/data4/inqlee0704/data/VIDA_20200210-11_PM_WiM/179
0.9264192636837242
/data4/inqlee0704/data/VIDA_20200210-11_PM_WiM/181
0.939830779054917
[20, 12, 12]
/data4/inqlee0704/data/VIDA_20200302-06_PM_WiM/282
0.0
[5, 2, 2]
/data4/inqlee0704/data/VIDA_20200302-06_PM_WiM/282
0.9087405003405813
/data4/inqlee0704/data/VIDA_20200302-06_PM_WiM/284
0.9430745958211213
/data4/inqlee0704/data/VIDA_20200302-06_PM_WiM/288
0.9061539386326561
/data4/inqlee0704/data/VIDA_20200309-13_PM_WiM/296
0.9643898504870029
/data4/inqlee0704/data/VIDA_20200309-13_PM_WiM/300
0.9520592558155302
/data4/inqlee0704/data/VIDA_20200309-13_PM_WiM/302
0.8996530781717017
/data4/inqlee0704/data/VIDA_20200309-13_PM_WiM/310
0.9183231059409912
/data4/inqlee0704/data/VIDA_20200309-13_PM_WiM/312
0.9387474774257222
/data4/inqlee0704/data/VIDA_20200316-20_PM_WiM/322
0.9401679012885925
/data4/inqlee0704/data/VIDA_20200810-14_PM_WiM/808
0.9501191979071997
/data4/inqlee0704/data/VIDA_20191028-29_PM_WiM/621
0.9184198326479314
/data4/inqlee0704/data/VIDA_20191101-01_PM_WiM/629
0.8853777037290405
/data4/inqlee0704/data/VIDA_20200204-07_PM_WiM/161
0.9297710500942141
/data4/inqlee0704/data/VIDA_20200210-11_PM_WiM/177
0.8771190381241656
/data4/inqlee0704/data/VIDA_20200210-11_PM_WiM/179
0.9264192636837242
/data4/inqlee0704/data/VIDA_20200210-11_PM_WiM/181
0.939830779054917
[5, 8, 8]
/data4/inqlee0704/data/VIDA_20200302-06_PM_WiM/282
0.9294183942536087
/data4/inqlee0704/data/VIDA_20200302-06_PM_WiM/284
0.9430745958211213
/data4/inqlee0704/data/VIDA_20200302-06_PM_WiM/288
0.9061539386326561
/data4/inqlee0704/data/VIDA_20200309-13_PM_WiM/296
0.9643898504870029
/data4/inqlee0704/data/VIDA_20200309-13_PM_WiM/300
0.9520592558155302
/data4/inqlee0704/data/VIDA_20200309-13_PM_WiM/302
0.8996530781717017
/data4/inqlee0704/data/VIDA_20200309-13_PM_WiM/310
0.9183231059409912
/data4/inqlee0704/data/VIDA_20200309-13_PM_WiM/312
0.9387474774257222
/data4/inqlee0704/data/VIDA_20200316-20_PM_WiM/322
0.9401679012885925
/data4/inqlee0704/data/VIDA_20200810-14_PM_WiM/808
0.9501191979071997
/data4/inqlee0704/data/VIDA_20191028-29_PM_WiM/621
0.9184198326479314
/data4/inqlee0704/data/VIDA_20191101-01_PM_WiM/629
0.8853777037290405
/data4/inqlee0704/data/VIDA_20200204-07_PM_WiM/161
0.9297710500942141
/data4/inqlee0704/data/VIDA_20200210-11_PM_WiM/177
0.8820336919789759
/data4/inqlee0704/data/VIDA_20200210-11_PM_WiM/179
0.9264192636837242
/data4/inqlee0704/data/VIDA_20200210-11_PM_WiM/181
0.939830779054917
[6, 6, 6]
/data4/inqlee0704/data/VIDA_20200302-06_PM_WiM/282
0.9294183942536087
/data4/inqlee0704/data/VIDA_20200302-06_PM_WiM/284
0.9430745958211213
/data4/inqlee0704/data/VIDA_20200302-06_PM_WiM/288
0.9061539386326561
/data4/inqlee0704/data/VIDA_20200309-13_PM_WiM/296
0.9643898504870029
/data4/inqlee0704/data/VIDA_20200309-13_PM_WiM/300
0.9520592558155302
/data4/inqlee0704/data/VIDA_20200309-13_PM_WiM/302
0.8996530781717017
/data4/inqlee0704/data/VIDA_20200309-13_PM_WiM/310
0.9183231059409912
/data4/inqlee0704/data/VIDA_20200309-13_PM_WiM/312
0.9387474774257222
/data4/inqlee0704/data/VIDA_20200316-20_PM_WiM/322
0.9401679012885925
/data4/inqlee0704/data/VIDA_20200810-14_PM_WiM/808
0.9501191979071997
/data4/inqlee0704/data/VIDA_20191028-29_PM_WiM/621
0.9184198326479314
/data4/inqlee0704/data/VIDA_20191101-01_PM_WiM/629
0.8853777037290405
/data4/inqlee0704/data/VIDA_20200204-07_PM_WiM/161
0.9297710500942141[32m[I 2021-05-24 18:21:24,713][0m Trial 21 finished with value: 0.9264974448083081 and parameters: {'x': 6, 'z': 6}. Best is trial 5 with value: 0.9264974448083081.[0m
[32m[I 2021-05-24 18:28:26,629][0m Trial 22 finished with value: 0.9264974448083081 and parameters: {'x': 7, 'z': 9}. Best is trial 5 with value: 0.9264974448083081.[0m
[32m[I 2021-05-24 18:35:01,449][0m Trial 23 finished with value: 0.9258360242614732 and parameters: {'x': 3, 'z': 3}. Best is trial 5 with value: 0.9264974448083081.[0m
[32m[I 2021-05-24 18:36:38,775][0m Trial 24 finished with value: 0.0 and parameters: {'x': 12, 'z': 3}. Best is trial 5 with value: 0.9264974448083081.[0m
[32m[I 2021-05-24 18:43:35,104][0m Trial 25 finished with value: 0.9264974448083081 and parameters: {'x': 6, 'z': 9}. Best is trial 5 with value: 0.9264974448083081.[0m
[32m[I 2021-05-24 18:50:37,184][0m Trial 26 finished with value: 0.9264974448083081 and parameters: {'x': 6, 'z': 11}. Best is trial 5 with value: 0.9264974448083081.[0m
[32m[I 2021-05-24 18:57:26,759][0m Trial 27 finished with value: 0.9252050764387438 and parameters: {'x': 3, 'z': 13}. Best is trial 5 with value: 0.9264974448083081.[0m
